{"level":"info","message":"Running script at","timestamp":"2023-03-03T06:36:28.086Z"}
{"level":"warn","message":"Warning message","timestamp":"2023-03-03T06:36:28.088Z"}
{"level":"info","message":"Script Executed","timestamp":"2023-03-03T06:36:28.115Z"}
{"level":"warn","message":"No acd data for conversation id 0483a238-7fb8-4849-81a3-84c290eaad50 and the direction is inbound","timestamp":"2023-03-03T06:36:29.785Z"}
{"level":"warn","message":"No acd data for conversation id a7607234-8322-4013-90d4-e37be6b26ce0 and the direction is inbound","timestamp":"2023-03-03T06:36:29.785Z"}
{"level":"warn","message":"No acd data for conversation id de640c74-6614-4eca-9ccd-c1ca8a96c1a6 and the direction is inbound","timestamp":"2023-03-03T06:36:29.785Z"}
{"level":"warn","message":"No acd data for conversation id 516aaa84-5b53-4c4a-ae10-a5e6d5daec0f and the direction is inbound","timestamp":"2023-03-03T06:36:29.785Z"}
{"level":"warn","message":"No acd data for conversation id f7132008-acfc-4743-9c48-f6b5eee548e3 and the direction is inbound","timestamp":"2023-03-03T06:36:29.785Z"}
{"level":"warn","message":"No acd data for conversation id d4a1a01d-fa5e-479d-a9fd-f5171e66bb04 and the direction is inbound","timestamp":"2023-03-03T06:36:29.785Z"}
{"level":"warn","message":"No acd data for conversation id 383d7c4a-810b-465b-90c5-ffdae3a094f4 and the direction is inbound","timestamp":"2023-03-03T06:36:29.785Z"}
{"level":"warn","message":"No acd data for conversation id 706c3d3e-2b66-417d-a313-085603e362c4 and the direction is inbound","timestamp":"2023-03-03T06:36:29.786Z"}
{"level":"warn","message":"No acd data for conversation id d394b2a5-c477-405f-b0c1-7b680a3f47ef and the direction is inbound","timestamp":"2023-03-03T06:36:29.786Z"}
{"level":"info","message":"noQueueName: 0","timestamp":"2023-03-03T06:36:29.786Z"}
{"level":"info","message":"failedWithAcdPresent: 0","timestamp":"2023-03-03T06:36:29.786Z"}
{"level":"info","message":"noAcd: 9","timestamp":"2023-03-03T06:36:29.786Z"}
{"level":"info","message":"failedToGetConversation: 0","timestamp":"2023-03-03T06:36:29.786Z"}
{"level":"info","message":"Running script at","timestamp":"2023-03-08T03:48:40.994Z"}
{"level":"warn","message":"Warning message","timestamp":"2023-03-08T03:48:40.995Z"}
{"level":"info","message":"Script Executed","timestamp":"2023-03-08T03:48:41.028Z"}
{"level":"info","message":"Running script at","timestamp":"2023-03-08T03:49:12.515Z"}
{"level":"warn","message":"Warning message","timestamp":"2023-03-08T03:49:12.516Z"}
{"level":"info","message":"Script Executed","timestamp":"2023-03-08T03:49:12.540Z"}
{"level":"info","message":"Running script at","timestamp":"2023-03-08T03:49:34.199Z"}
{"level":"warn","message":"Warning message","timestamp":"2023-03-08T03:49:34.200Z"}
{"level":"info","message":"Script Executed","timestamp":"2023-03-08T03:49:34.230Z"}
{"level":"info","message":"Running script at","timestamp":"2023-03-08T04:06:42.060Z"}
{"level":"warn","message":"Warning message","timestamp":"2023-03-08T04:06:42.061Z"}
{"level":"info","message":"Script Executed","timestamp":"2023-03-08T04:06:42.089Z"}
